2017/04/14 19:27:40 [error] [php] Undefined variable: games (/dino.isweepsusa.com/themes/mobile/views/site/index.php:7)
Stack trace:
#0 /var/www/yii/framework/web/CController.php(869): clientSiteController->renderFile()
#1 /var/www/yii/framework/web/CController.php(782): clientSiteController->renderPartial()
#2 /dino.isweepsusa.com/protected/controllers/clientSiteController.php(100): clientSiteController->render()
#3 unknown(0): clientSiteController->actionIndex()
#4 /var/www/yii/framework/web/actions/CAction.php(108): ReflectionMethod->invokeArgs()
#5 /var/www/yii/framework/web/actions/CInlineAction.php(47): CInlineAction->runWithParamsInternal()
#6 /var/www/yii/framework/web/CController.php(308): CInlineAction->runWithParams()
#7 /var/www/yii/framework/web/filters/CFilterChain.php(133): clientSiteController->runAction()
#8 /var/www/yii/framework/web/filters/CFilter.php(40): CFilterChain->run()
#9 /var/www/yii/framework/web/CController.php(1145): CAccessControlFilter->filter()
#10 /var/www/yii/framework/web/filters/CInlineFilter.php(58): clientSiteController->filterAccessControl()
#11 /var/www/yii/framework/web/filters/CFilterChain.php(130): CInlineFilter->filter()
#12 /var/www/yii/framework/web/CController.php(291): CFilterChain->run()
#13 /var/www/yii/framework/web/CController.php(265): clientSiteController->runActionWithFilters()
#14 /var/www/yii/framework/web/CWebApplication.php(282): clientSiteController->run()
#15 /var/www/yii/framework/web/CWebApplication.php(141): YttCore->runController()
#16 /var/www/yii/framework/base/CApplication.php(180): YttCore->processRequest()
#17 /dino.isweepsusa.com/index.php(19): YttCore->run()
REQUEST_URI=/
2017/04/14 19:27:40 [error] [php] Undefined variable: games (/dino.isweepsusa.com/themes/mobile/views/site/index.php:7)
Stack trace:
#0 /var/www/yii/framework/web/CController.php(869): clientSiteController->renderFile()
#1 /var/www/yii/framework/web/CController.php(782): clientSiteController->renderPartial()
#2 /dino.isweepsusa.com/protected/controllers/clientSiteController.php(100): clientSiteController->render()
#3 unknown(0): clientSiteController->actionIndex()
#4 /var/www/yii/framework/web/actions/CAction.php(108): ReflectionMethod->invokeArgs()
#5 /var/www/yii/framework/web/actions/CInlineAction.php(47): CInlineAction->runWithParamsInternal()
#6 /var/www/yii/framework/web/CController.php(308): CInlineAction->runWithParams()
#7 /var/www/yii/framework/web/filters/CFilterChain.php(133): clientSiteController->runAction()
#8 /var/www/yii/framework/web/filters/CFilter.php(40): CFilterChain->run()
#9 /var/www/yii/framework/web/CController.php(1145): CAccessControlFilter->filter()
#10 /var/www/yii/framework/web/filters/CInlineFilter.php(58): clientSiteController->filterAccessControl()
#11 /var/www/yii/framework/web/filters/CFilterChain.php(130): CInlineFilter->filter()
#12 /var/www/yii/framework/web/CController.php(291): CFilterChain->run()
#13 /var/www/yii/framework/web/CController.php(265): clientSiteController->runActionWithFilters()
#14 /var/www/yii/framework/web/CWebApplication.php(282): clientSiteController->run()
#15 /var/www/yii/framework/web/CWebApplication.php(141): YttCore->runController()
#16 /var/www/yii/framework/base/CApplication.php(180): YttCore->processRequest()
#17 /dino.isweepsusa.com/index.php(19): YttCore->run()
REQUEST_URI=/
2017/04/14 19:27:45 [error] [php] Undefined variable: games (/dino.isweepsusa.com/themes/mobile/views/site/index.php:7)
Stack trace:
#0 /var/www/yii/framework/web/CController.php(869): clientSiteController->renderFile()
#1 /var/www/yii/framework/web/CController.php(782): clientSiteController->renderPartial()
#2 /dino.isweepsusa.com/protected/controllers/clientSiteController.php(100): clientSiteController->render()
#3 unknown(0): clientSiteController->actionIndex()
#4 /var/www/yii/framework/web/actions/CAction.php(108): ReflectionMethod->invokeArgs()
#5 /var/www/yii/framework/web/actions/CInlineAction.php(47): CInlineAction->runWithParamsInternal()
#6 /var/www/yii/framework/web/CController.php(308): CInlineAction->runWithParams()
#7 /var/www/yii/framework/web/filters/CFilterChain.php(133): clientSiteController->runAction()
#8 /var/www/yii/framework/web/filters/CFilter.php(40): CFilterChain->run()
#9 /var/www/yii/framework/web/CController.php(1145): CAccessControlFilter->filter()
#10 /var/www/yii/framework/web/filters/CInlineFilter.php(58): clientSiteController->filterAccessControl()
#11 /var/www/yii/framework/web/filters/CFilterChain.php(130): CInlineFilter->filter()
#12 /var/www/yii/framework/web/CController.php(291): CFilterChain->run()
#13 /var/www/yii/framework/web/CController.php(265): clientSiteController->runActionWithFilters()
#14 /var/www/yii/framework/web/CWebApplication.php(282): clientSiteController->run()
#15 /var/www/yii/framework/web/CWebApplication.php(141): YttCore->runController()
#16 /var/www/yii/framework/base/CApplication.php(180): YttCore->processRequest()
#17 /dino.isweepsusa.com/index.php(19): YttCore->run()
REQUEST_URI=/
2017/04/14 19:27:45 [error] [php] Undefined variable: games (/dino.isweepsusa.com/themes/mobile/views/site/index.php:7)
Stack trace:
#0 /var/www/yii/framework/web/CController.php(869): clientSiteController->renderFile()
#1 /var/www/yii/framework/web/CController.php(782): clientSiteController->renderPartial()
#2 /dino.isweepsusa.com/protected/controllers/clientSiteController.php(100): clientSiteController->render()
#3 unknown(0): clientSiteController->actionIndex()
#4 /var/www/yii/framework/web/actions/CAction.php(108): ReflectionMethod->invokeArgs()
#5 /var/www/yii/framework/web/actions/CInlineAction.php(47): CInlineAction->runWithParamsInternal()
#6 /var/www/yii/framework/web/CController.php(308): CInlineAction->runWithParams()
#7 /var/www/yii/framework/web/filters/CFilterChain.php(133): clientSiteController->runAction()
#8 /var/www/yii/framework/web/filters/CFilter.php(40): CFilterChain->run()
#9 /var/www/yii/framework/web/CController.php(1145): CAccessControlFilter->filter()
#10 /var/www/yii/framework/web/filters/CInlineFilter.php(58): clientSiteController->filterAccessControl()
#11 /var/www/yii/framework/web/filters/CFilterChain.php(130): CInlineFilter->filter()
#12 /var/www/yii/framework/web/CController.php(291): CFilterChain->run()
#13 /var/www/yii/framework/web/CController.php(265): clientSiteController->runActionWithFilters()
#14 /var/www/yii/framework/web/CWebApplication.php(282): clientSiteController->run()
#15 /var/www/yii/framework/web/CWebApplication.php(141): YttCore->runController()
#16 /var/www/yii/framework/base/CApplication.php(180): YttCore->processRequest()
#17 /dino.isweepsusa.com/index.php(19): YttCore->run()
REQUEST_URI=/
2017/04/14 19:27:48 [error] [php] Undefined variable: games (/dino.isweepsusa.com/themes/mobile/views/site/index.php:7)
Stack trace:
#0 /var/www/yii/framework/web/CController.php(869): clientSiteController->renderFile()
#1 /var/www/yii/framework/web/CController.php(782): clientSiteController->renderPartial()
#2 /dino.isweepsusa.com/protected/controllers/clientSiteController.php(100): clientSiteController->render()
#3 unknown(0): clientSiteController->actionIndex()
#4 /var/www/yii/framework/web/actions/CAction.php(108): ReflectionMethod->invokeArgs()
#5 /var/www/yii/framework/web/actions/CInlineAction.php(47): CInlineAction->runWithParamsInternal()
#6 /var/www/yii/framework/web/CController.php(308): CInlineAction->runWithParams()
#7 /var/www/yii/framework/web/filters/CFilterChain.php(133): clientSiteController->runAction()
#8 /var/www/yii/framework/web/filters/CFilter.php(40): CFilterChain->run()
#9 /var/www/yii/framework/web/CController.php(1145): CAccessControlFilter->filter()
#10 /var/www/yii/framework/web/filters/CInlineFilter.php(58): clientSiteController->filterAccessControl()
#11 /var/www/yii/framework/web/filters/CFilterChain.php(130): CInlineFilter->filter()
#12 /var/www/yii/framework/web/CController.php(291): CFilterChain->run()
#13 /var/www/yii/framework/web/CController.php(265): clientSiteController->runActionWithFilters()
#14 /var/www/yii/framework/web/CWebApplication.php(282): clientSiteController->run()
#15 /var/www/yii/framework/web/CWebApplication.php(141): YttCore->runController()
#16 /var/www/yii/framework/base/CApplication.php(180): YttCore->processRequest()
#17 /dino.isweepsusa.com/index.php(19): YttCore->run()
REQUEST_URI=/
2017/04/14 19:27:48 [error] [php] Undefined variable: games (/dino.isweepsusa.com/themes/mobile/views/site/index.php:7)
Stack trace:
#0 /var/www/yii/framework/web/CController.php(869): clientSiteController->renderFile()
#1 /var/www/yii/framework/web/CController.php(782): clientSiteController->renderPartial()
#2 /dino.isweepsusa.com/protected/controllers/clientSiteController.php(100): clientSiteController->render()
#3 unknown(0): clientSiteController->actionIndex()
#4 /var/www/yii/framework/web/actions/CAction.php(108): ReflectionMethod->invokeArgs()
#5 /var/www/yii/framework/web/actions/CInlineAction.php(47): CInlineAction->runWithParamsInternal()
#6 /var/www/yii/framework/web/CController.php(308): CInlineAction->runWithParams()
#7 /var/www/yii/framework/web/filters/CFilterChain.php(133): clientSiteController->runAction()
#8 /var/www/yii/framework/web/filters/CFilter.php(40): CFilterChain->run()
#9 /var/www/yii/framework/web/CController.php(1145): CAccessControlFilter->filter()
#10 /var/www/yii/framework/web/filters/CInlineFilter.php(58): clientSiteController->filterAccessControl()
#11 /var/www/yii/framework/web/filters/CFilterChain.php(130): CInlineFilter->filter()
#12 /var/www/yii/framework/web/CController.php(291): CFilterChain->run()
#13 /var/www/yii/framework/web/CController.php(265): clientSiteController->runActionWithFilters()
#14 /var/www/yii/framework/web/CWebApplication.php(282): clientSiteController->run()
#15 /var/www/yii/framework/web/CWebApplication.php(141): YttCore->runController()
#16 /var/www/yii/framework/base/CApplication.php(180): YttCore->processRequest()
#17 /dino.isweepsusa.com/index.php(19): YttCore->run()
REQUEST_URI=/
2017/04/14 19:27:51 [error] [php] Undefined variable: games (/dino.isweepsusa.com/themes/mobile/views/site/index.php:7)
Stack trace:
#0 /var/www/yii/framework/web/CController.php(869): clientSiteController->renderFile()
#1 /var/www/yii/framework/web/CController.php(782): clientSiteController->renderPartial()
#2 /dino.isweepsusa.com/protected/controllers/clientSiteController.php(100): clientSiteController->render()
#3 unknown(0): clientSiteController->actionIndex()
#4 /var/www/yii/framework/web/actions/CAction.php(108): ReflectionMethod->invokeArgs()
#5 /var/www/yii/framework/web/actions/CInlineAction.php(47): CInlineAction->runWithParamsInternal()
#6 /var/www/yii/framework/web/CController.php(308): CInlineAction->runWithParams()
#7 /var/www/yii/framework/web/filters/CFilterChain.php(133): clientSiteController->runAction()
#8 /var/www/yii/framework/web/filters/CFilter.php(40): CFilterChain->run()
#9 /var/www/yii/framework/web/CController.php(1145): CAccessControlFilter->filter()
#10 /var/www/yii/framework/web/filters/CInlineFilter.php(58): clientSiteController->filterAccessControl()
#11 /var/www/yii/framework/web/filters/CFilterChain.php(130): CInlineFilter->filter()
#12 /var/www/yii/framework/web/CController.php(291): CFilterChain->run()
#13 /var/www/yii/framework/web/CController.php(265): clientSiteController->runActionWithFilters()
#14 /var/www/yii/framework/web/CWebApplication.php(282): clientSiteController->run()
#15 /var/www/yii/framework/web/CWebApplication.php(141): YttCore->runController()
#16 /var/www/yii/framework/base/CApplication.php(180): YttCore->processRequest()
#17 /dino.isweepsusa.com/index.php(19): YttCore->run()
REQUEST_URI=/
2017/04/14 19:27:51 [error] [php] Undefined variable: games (/dino.isweepsusa.com/themes/mobile/views/site/index.php:7)
Stack trace:
#0 /var/www/yii/framework/web/CController.php(869): clientSiteController->renderFile()
#1 /var/www/yii/framework/web/CController.php(782): clientSiteController->renderPartial()
#2 /dino.isweepsusa.com/protected/controllers/clientSiteController.php(100): clientSiteController->render()
#3 unknown(0): clientSiteController->actionIndex()
#4 /var/www/yii/framework/web/actions/CAction.php(108): ReflectionMethod->invokeArgs()
#5 /var/www/yii/framework/web/actions/CInlineAction.php(47): CInlineAction->runWithParamsInternal()
#6 /var/www/yii/framework/web/CController.php(308): CInlineAction->runWithParams()
#7 /var/www/yii/framework/web/filters/CFilterChain.php(133): clientSiteController->runAction()
#8 /var/www/yii/framework/web/filters/CFilter.php(40): CFilterChain->run()
#9 /var/www/yii/framework/web/CController.php(1145): CAccessControlFilter->filter()
#10 /var/www/yii/framework/web/filters/CInlineFilter.php(58): clientSiteController->filterAccessControl()
#11 /var/www/yii/framework/web/filters/CFilterChain.php(130): CInlineFilter->filter()
#12 /var/www/yii/framework/web/CController.php(291): CFilterChain->run()
#13 /var/www/yii/framework/web/CController.php(265): clientSiteController->runActionWithFilters()
#14 /var/www/yii/framework/web/CWebApplication.php(282): clientSiteController->run()
#15 /var/www/yii/framework/web/CWebApplication.php(141): YttCore->runController()
#16 /var/www/yii/framework/base/CApplication.php(180): YttCore->processRequest()
#17 /dino.isweepsusa.com/index.php(19): YttCore->run()
REQUEST_URI=/
2017/04/14 19:27:54 [error] [php] Undefined variable: games (/dino.isweepsusa.com/themes/mobile/views/site/index.php:7)
Stack trace:
#0 /var/www/yii/framework/web/CController.php(869): clientSiteController->renderFile()
#1 /var/www/yii/framework/web/CController.php(782): clientSiteController->renderPartial()
#2 /dino.isweepsusa.com/protected/controllers/clientSiteController.php(100): clientSiteController->render()
#3 unknown(0): clientSiteController->actionIndex()
#4 /var/www/yii/framework/web/actions/CAction.php(108): ReflectionMethod->invokeArgs()
#5 /var/www/yii/framework/web/actions/CInlineAction.php(47): CInlineAction->runWithParamsInternal()
#6 /var/www/yii/framework/web/CController.php(308): CInlineAction->runWithParams()
#7 /var/www/yii/framework/web/filters/CFilterChain.php(133): clientSiteController->runAction()
#8 /var/www/yii/framework/web/filters/CFilter.php(40): CFilterChain->run()
#9 /var/www/yii/framework/web/CController.php(1145): CAccessControlFilter->filter()
#10 /var/www/yii/framework/web/filters/CInlineFilter.php(58): clientSiteController->filterAccessControl()
#11 /var/www/yii/framework/web/filters/CFilterChain.php(130): CInlineFilter->filter()
#12 /var/www/yii/framework/web/CController.php(291): CFilterChain->run()
#13 /var/www/yii/framework/web/CController.php(265): clientSiteController->runActionWithFilters()
#14 /var/www/yii/framework/web/CWebApplication.php(282): clientSiteController->run()
#15 /var/www/yii/framework/web/CWebApplication.php(141): YttCore->runController()
#16 /var/www/yii/framework/base/CApplication.php(180): YttCore->processRequest()
#17 /dino.isweepsusa.com/index.php(19): YttCore->run()
REQUEST_URI=/
2017/04/14 19:27:54 [error] [php] Undefined variable: games (/dino.isweepsusa.com/themes/mobile/views/site/index.php:7)
Stack trace:
#0 /var/www/yii/framework/web/CController.php(869): clientSiteController->renderFile()
#1 /var/www/yii/framework/web/CController.php(782): clientSiteController->renderPartial()
#2 /dino.isweepsusa.com/protected/controllers/clientSiteController.php(100): clientSiteController->render()
#3 unknown(0): clientSiteController->actionIndex()
#4 /var/www/yii/framework/web/actions/CAction.php(108): ReflectionMethod->invokeArgs()
#5 /var/www/yii/framework/web/actions/CInlineAction.php(47): CInlineAction->runWithParamsInternal()
#6 /var/www/yii/framework/web/CController.php(308): CInlineAction->runWithParams()
#7 /var/www/yii/framework/web/filters/CFilterChain.php(133): clientSiteController->runAction()
#8 /var/www/yii/framework/web/filters/CFilter.php(40): CFilterChain->run()
#9 /var/www/yii/framework/web/CController.php(1145): CAccessControlFilter->filter()
#10 /var/www/yii/framework/web/filters/CInlineFilter.php(58): clientSiteController->filterAccessControl()
#11 /var/www/yii/framework/web/filters/CFilterChain.php(130): CInlineFilter->filter()
#12 /var/www/yii/framework/web/CController.php(291): CFilterChain->run()
#13 /var/www/yii/framework/web/CController.php(265): clientSiteController->runActionWithFilters()
#14 /var/www/yii/framework/web/CWebApplication.php(282): clientSiteController->run()
#15 /var/www/yii/framework/web/CWebApplication.php(141): YttCore->runController()
#16 /var/www/yii/framework/base/CApplication.php(180): YttCore->processRequest()
#17 /dino.isweepsusa.com/index.php(19): YttCore->run()
REQUEST_URI=/
2017/04/14 19:27:56 [error] [php] Undefined variable: games (/dino.isweepsusa.com/themes/mobile/views/site/index.php:7)
Stack trace:
#0 /var/www/yii/framework/web/CController.php(869): clientSiteController->renderFile()
#1 /var/www/yii/framework/web/CController.php(782): clientSiteController->renderPartial()
#2 /dino.isweepsusa.com/protected/controllers/clientSiteController.php(100): clientSiteController->render()
#3 unknown(0): clientSiteController->actionIndex()
#4 /var/www/yii/framework/web/actions/CAction.php(108): ReflectionMethod->invokeArgs()
#5 /var/www/yii/framework/web/actions/CInlineAction.php(47): CInlineAction->runWithParamsInternal()
#6 /var/www/yii/framework/web/CController.php(308): CInlineAction->runWithParams()
#7 /var/www/yii/framework/web/filters/CFilterChain.php(133): clientSiteController->runAction()
#8 /var/www/yii/framework/web/filters/CFilter.php(40): CFilterChain->run()
#9 /var/www/yii/framework/web/CController.php(1145): CAccessControlFilter->filter()
#10 /var/www/yii/framework/web/filters/CInlineFilter.php(58): clientSiteController->filterAccessControl()
#11 /var/www/yii/framework/web/filters/CFilterChain.php(130): CInlineFilter->filter()
#12 /var/www/yii/framework/web/CController.php(291): CFilterChain->run()
#13 /var/www/yii/framework/web/CController.php(265): clientSiteController->runActionWithFilters()
#14 /var/www/yii/framework/web/CWebApplication.php(282): clientSiteController->run()
#15 /var/www/yii/framework/web/CWebApplication.php(141): YttCore->runController()
#16 /var/www/yii/framework/base/CApplication.php(180): YttCore->processRequest()
#17 /dino.isweepsusa.com/index.php(19): YttCore->run()
REQUEST_URI=/
2017/04/14 19:27:56 [error] [php] Undefined variable: games (/dino.isweepsusa.com/themes/mobile/views/site/index.php:7)
Stack trace:
#0 /var/www/yii/framework/web/CController.php(869): clientSiteController->renderFile()
#1 /var/www/yii/framework/web/CController.php(782): clientSiteController->renderPartial()
#2 /dino.isweepsusa.com/protected/controllers/clientSiteController.php(100): clientSiteController->render()
#3 unknown(0): clientSiteController->actionIndex()
#4 /var/www/yii/framework/web/actions/CAction.php(108): ReflectionMethod->invokeArgs()
#5 /var/www/yii/framework/web/actions/CInlineAction.php(47): CInlineAction->runWithParamsInternal()
#6 /var/www/yii/framework/web/CController.php(308): CInlineAction->runWithParams()
#7 /var/www/yii/framework/web/filters/CFilterChain.php(133): clientSiteController->runAction()
#8 /var/www/yii/framework/web/filters/CFilter.php(40): CFilterChain->run()
#9 /var/www/yii/framework/web/CController.php(1145): CAccessControlFilter->filter()
#10 /var/www/yii/framework/web/filters/CInlineFilter.php(58): clientSiteController->filterAccessControl()
#11 /var/www/yii/framework/web/filters/CFilterChain.php(130): CInlineFilter->filter()
#12 /var/www/yii/framework/web/CController.php(291): CFilterChain->run()
#13 /var/www/yii/framework/web/CController.php(265): clientSiteController->runActionWithFilters()
#14 /var/www/yii/framework/web/CWebApplication.php(282): clientSiteController->run()
#15 /var/www/yii/framework/web/CWebApplication.php(141): YttCore->runController()
#16 /var/www/yii/framework/base/CApplication.php(180): YttCore->processRequest()
#17 /dino.isweepsusa.com/index.php(19): YttCore->run()
REQUEST_URI=/
2017/04/14 19:28:14 [error] [exception.CHttpException.404] exception 'CHttpException' with message 'Unable to resolve the request "favicon.ico".' in /var/www/yii/framework/web/CWebApplication.php:286
Stack trace:
#0 /var/www/yii/framework/web/CWebApplication.php(141): CWebApplication->runController('favicon.ico')
#1 /var/www/yii/framework/base/CApplication.php(180): CWebApplication->processRequest()
#2 /dino.isweepsusa.com/index.php(19): CApplication->run()
#3 {main}
REQUEST_URI=/favicon.ico
HTTP_REFERER=http://dino.isweepsusa.com/login
---
2017/04/14 19:28:14 [error] [exception.CHttpException.404] exception 'CHttpException' with message 'Unable to resolve the request "favicon.ico".' in /var/www/yii/framework/web/CWebApplication.php:286
Stack trace:
#0 /var/www/yii/framework/web/CWebApplication.php(141): CWebApplication->runController('favicon.ico')
#1 /var/www/yii/framework/base/CApplication.php(180): CWebApplication->processRequest()
#2 /dino.isweepsusa.com/index.php(19): CApplication->run()
#3 {main}
REQUEST_URI=/favicon.ico
HTTP_REFERER=http://dino.isweepsusa.com/login
---
